<?xml version="1.0" encoding="UTF-8"?>
<testng-results ignored="0" total="1" passed="1" failed="0" skipped="0">
  <reporter-output>
    <line>
      <![CDATA[Browser window is maximized successfully]]>
    </line>
  </reporter-output>
  <suite started-at="2023-11-27T11:35:14 IST" name="Default suite" finished-at="2023-11-27T11:35:29 IST" duration-ms="14721">
    <groups>
    </groups>
    <test started-at="2023-11-27T11:35:14 IST" name="Default test" finished-at="2023-11-27T11:35:29 IST" duration-ms="14721">
      <class name="test_Scripts.LoginTest">
        <test-method is-config="true" signature="beforeSuit()[pri:0, instance:test_Scripts.LoginTest@7ef82753]" started-at="2023-11-27T11:35:14 IST" name="beforeSuit" finished-at="2023-11-27T11:35:14 IST" duration-ms="281" status="PASS">
          <reporter-output>
          </reporter-output>
        </test-method> <!-- beforeSuit -->
        <test-method is-config="true" signature="browserSetup()[pri:0, instance:test_Scripts.LoginTest@7ef82753]" started-at="2023-11-27T11:35:14 IST" name="browserSetup" finished-at="2023-11-27T11:35:18 IST" duration-ms="4457" status="PASS">
          <reporter-output>
            <line>
              <![CDATA[Browser window is maximized successfully]]>
            </line>
          </reporter-output>
        </test-method> <!-- browserSetup -->
        <test-method is-config="true" signature="setup(java.lang.reflect.Method)[pri:0, instance:test_Scripts.LoginTest@7ef82753]" started-at="2023-11-27T11:35:19 IST" name="setup" finished-at="2023-11-27T11:35:19 IST" duration-ms="5" status="PASS">
          <params>
            <param index="0">
              <value>
                <![CDATA[public void test_Scripts.LoginTest.testScript1(java.lang.String,java.lang.String) throws java.io.IOException,java.lang.InterruptedException]]>
              </value>
            </param>
          </params>
          <reporter-output>
          </reporter-output>
        </test-method> <!-- setup -->
        <test-method signature="testScript1(java.lang.String,java.lang.String)[pri:0, instance:test_Scripts.LoginTest@7ef82753]" started-at="2023-11-27T11:35:19 IST" name="testScript1" data-provider="testdata" finished-at="2023-11-27T11:35:28 IST" duration-ms="9285" status="PASS">
          <params>
            <param index="0">
              <value>
                <![CDATA[Nishtha]]>
              </value>
            </param>
            <param index="1">
              <value>
                <![CDATA[Password01@]]>
              </value>
            </param>
          </params>
          <reporter-output>
          </reporter-output>
        </test-method> <!-- testScript1 -->
        <test-method is-config="true" signature="CloseApp()[pri:0, instance:test_Scripts.LoginTest@7ef82753]" started-at="2023-11-27T11:35:28 IST" name="CloseApp" finished-at="2023-11-27T11:35:29 IST" duration-ms="209" status="PASS">
          <reporter-output>
          </reporter-output>
        </test-method> <!-- CloseApp -->
        <test-method is-config="true" signature="afterSuite()[pri:0, instance:test_Scripts.LoginTest@7ef82753]" started-at="2023-11-27T11:35:29 IST" name="afterSuite" finished-at="2023-11-27T11:35:29 IST" duration-ms="310" status="PASS">
          <reporter-output>
          </reporter-output>
        </test-method> <!-- afterSuite -->
      </class> <!-- test_Scripts.LoginTest -->
    </test> <!-- Default test -->
  </suite> <!-- Default suite -->
</testng-results>
